TN:
SF:src/modules/appointments/services/CreateAppointmentService.ts
FN:15,(anonymous_18)
FN:18,CreateAppointmentService
FN:24,(anonymous_20)
FNF:3
FNH:3
FNDA:1,(anonymous_18)
FNDA:2,CreateAppointmentService
FNDA:3,(anonymous_20)
DA:1,1
DA:2,1
DA:4,1
DA:15,1
DA:21,2
DA:24,3
DA:25,3
DA:27,3
DA:31,3
DA:32,1
DA:35,2
DA:40,2
DA:42,1
DA:44,1
LF:14
LH:14
BRDA:31,0,0,1
BRDA:31,0,1,2
BRF:2
BRH:2
end_of_record
TN:
SF:src/modules/users/services/AuthenticateUserService.ts
FN:23,(anonymous_18)
FN:28,AuthenticateUserService
FN:37,(anonymous_20)
FNF:3
FNH:3
FNDA:1,(anonymous_18)
FNDA:3,AuthenticateUserService
FNDA:3,(anonymous_20)
DA:1,1
DA:2,1
DA:4,1
DA:6,1
DA:23,1
DA:33,3
DA:34,3
DA:37,3
DA:38,3
DA:40,3
DA:41,1
DA:44,2
DA:49,2
DA:50,1
DA:53,1
DA:55,1
DA:60,1
DA:65,1
DA:67,1
LF:19
LH:19
BRDA:38,0,0,3
BRDA:40,1,0,1
BRDA:40,1,1,2
BRDA:49,2,0,1
BRDA:49,2,1,1
BRF:5
BRH:5
end_of_record
TN:
SF:src/modules/users/services/CreateUserService.ts
FN:15,(anonymous_18)
FN:20,CreateUserService
FN:30,(anonymous_20)
FNF:3
FNH:3
FNDA:2,(anonymous_18)
FNDA:4,CreateUserService
FNDA:5,(anonymous_20)
DA:1,2
DA:2,2
DA:15,2
DA:26,4
DA:27,4
DA:30,5
DA:31,5
DA:33,5
DA:34,1
DA:37,4
DA:39,4
DA:45,4
DA:47,2
DA:49,2
LF:14
LH:14
BRDA:31,0,0,5
BRDA:33,1,0,1
BRDA:33,1,1,4
BRF:3
BRH:3
end_of_record
TN:
SF:src/modules/users/services/ResetPasswordService.ts
FN:16,(anonymous_18)
FN:23,ResetPasswordService
FN:33,(anonymous_20)
FNF:3
FNH:3
FNDA:1,(anonymous_18)
FNDA:4,ResetPasswordService
FNDA:4,(anonymous_20)
DA:1,1
DA:2,1
DA:5,1
DA:16,1
DA:28,4
DA:29,4
DA:30,4
DA:33,4
DA:34,4
DA:36,4
DA:37,1
DA:40,3
DA:42,3
DA:43,1
DA:46,2
DA:47,2
DA:49,2
DA:50,1
DA:53,1
DA:55,2
DA:57,1
DA:59,1
LF:22
LH:22
BRDA:34,0,0,4
BRDA:36,1,0,1
BRDA:36,1,1,3
BRDA:42,2,0,1
BRDA:42,2,1,2
BRDA:49,3,0,1
BRDA:49,3,1,1
BRF:7
BRH:7
end_of_record
TN:
SF:src/modules/users/services/SendForgotPasswordEmailService.ts
FN:13,(anonymous_18)
FN:20,SendForgotPasswordEmailService
FN:30,(anonymous_20)
FNF:3
FNH:3
FNDA:1,(anonymous_18)
FNDA:3,SendForgotPasswordEmailService
FNDA:3,(anonymous_20)
DA:1,1
DA:4,1
DA:13,1
DA:25,3
DA:26,3
DA:27,3
DA:30,3
DA:31,3
DA:33,3
DA:34,1
DA:37,4
DA:39,2
DA:44,1
DA:46,1
LF:14
LH:14
BRDA:31,0,0,3
BRDA:33,1,0,1
BRDA:33,1,1,2
BRF:3
BRH:3
end_of_record
TN:
SF:src/modules/users/services/UpdateUserAvatarService.ts
FN:13,(anonymous_18)
FN:18,UpdateUserAvatarService
FN:26,(anonymous_20)
FNF:3
FNH:3
FNDA:1,(anonymous_18)
FNDA:3,UpdateUserAvatarService
FNDA:4,(anonymous_20)
DA:1,1
DA:2,1
DA:13,1
DA:22,3
DA:23,3
DA:26,4
DA:27,4
DA:29,4
DA:30,1
DA:33,5
DA:34,2
DA:37,3
DA:39,3
DA:41,6
DA:43,3
DA:45,1
DA:46,1
LF:17
LH:17
BRDA:27,0,0,4
BRDA:27,0,1,3
BRDA:29,1,0,1
BRDA:29,1,1,3
BRDA:33,2,0,2
BRDA:33,2,1,1
BRF:6
BRH:6
end_of_record
